<?xml version="1.0" encoding="UTF-8"?>
<testng-results ignored="0" total="3" passed="3" failed="0" skipped="0">
  <reporter-output>
  </reporter-output>
  <suite started-at="2024-03-08T10:10:03 IST" name="Surefire suite" finished-at="2024-03-08T10:10:30 IST" duration-ms="26645">
    <groups>
      <group name="cucumber">
        <method signature="AbstractTestNGCucumberTests.runScenario(io.cucumber.testng.PickleWrapper, io.cucumber.testng.FeatureWrapper)[pri:0, instance:com.bst.cucumber.CucumberTest@8317c52]" name="runScenario" class="io.cucumber.testng.AbstractTestNGCucumberTests"/>
      </group> <!-- cucumber -->
    </groups>
    <test started-at="2024-03-08T10:10:03 IST" name="Surefire test" finished-at="2024-03-08T10:10:30 IST" duration-ms="26645">
      <class name="com.bst.cucumber.CucumberTest">
        <test-method is-config="true" signature="setUpClass()[pri:0, instance:com.bst.cucumber.CucumberTest@8317c52]" started-at="2024-03-08T10:10:03 IST" name="setUpClass" finished-at="2024-03-08T10:10:03 IST" duration-ms="310" status="PASS">
          <reporter-output>
          </reporter-output>
        </test-method> <!-- setUpClass -->
        <test-method is-config="true" signature="beforeTestRun()[pri:0, instance:com.bst.cucumber.CucumberTest@8317c52]" started-at="2024-03-08T10:10:03 IST" name="beforeTestRun" finished-at="2024-03-08T10:10:03 IST" duration-ms="1" status="PASS">
          <reporter-output>
          </reporter-output>
        </test-method> <!-- beforeTestRun -->
        <test-method signature="runScenario(io.cucumber.testng.PickleWrapper, io.cucumber.testng.FeatureWrapper)[pri:0, instance:com.bst.cucumber.CucumberTest@8317c52]" started-at="2024-03-08T10:10:03 IST" name="runScenario" description="Runs Cucumber Scenarios" data-provider="scenarios" finished-at="2024-03-08T10:10:18 IST" duration-ms="14998" status="PASS">
          <params>
            <param index="0">
              <value>
                <![CDATA["Login as a Admin user"]]>
              </value>
            </param>
            <param index="1">
              <value>
                <![CDATA["Optional[Login feature]"]]>
              </value>
            </param>
          </params>
          <reporter-output>
          </reporter-output>
        </test-method> <!-- runScenario -->
        <test-method signature="runScenario(io.cucumber.testng.PickleWrapper, io.cucumber.testng.FeatureWrapper)[pri:0, instance:com.bst.cucumber.CucumberTest@8317c52]" started-at="2024-03-08T10:10:19 IST" name="runScenario" description="Runs Cucumber Scenarios" data-provider="scenarios" finished-at="2024-03-08T10:10:24 IST" duration-ms="5303" status="PASS">
          <params>
            <param index="0">
              <value>
                <![CDATA["Login as a Admin user"]]>
              </value>
            </param>
            <param index="1">
              <value>
                <![CDATA["Optional[Login feature]"]]>
              </value>
            </param>
          </params>
          <reporter-output>
          </reporter-output>
        </test-method> <!-- runScenario -->
        <test-method signature="runScenario(io.cucumber.testng.PickleWrapper, io.cucumber.testng.FeatureWrapper)[pri:0, instance:com.bst.cucumber.CucumberTest@8317c52]" started-at="2024-03-08T10:10:24 IST" name="runScenario" description="Runs Cucumber Scenarios" data-provider="scenarios" finished-at="2024-03-08T10:10:30 IST" duration-ms="5893" status="PASS">
          <params>
            <param index="0">
              <value>
                <![CDATA["test as a Admin user"]]>
              </value>
            </param>
            <param index="1">
              <value>
                <![CDATA["Optional[test]"]]>
              </value>
            </param>
          </params>
          <reporter-output>
          </reporter-output>
        </test-method> <!-- runScenario -->
        <test-method is-config="true" signature="tearDownClass()[pri:0, instance:com.bst.cucumber.CucumberTest@8317c52]" started-at="2024-03-08T10:10:30 IST" name="tearDownClass" finished-at="2024-03-08T10:10:30 IST" duration-ms="103" status="PASS">
          <reporter-output>
          </reporter-output>
        </test-method> <!-- tearDownClass -->
        <test-method is-config="true" signature="afterTestRun()[pri:0, instance:com.bst.cucumber.CucumberTest@8317c52]" started-at="2024-03-08T10:10:30 IST" name="afterTestRun" finished-at="2024-03-08T10:10:30 IST" duration-ms="0" status="PASS">
          <reporter-output>
          </reporter-output>
        </test-method> <!-- afterTestRun -->
      </class> <!-- com.bst.cucumber.CucumberTest -->
    </test> <!-- Surefire test -->
  </suite> <!-- Surefire suite -->
</testng-results>
